Dataset: acm
----- Opt. hyperparams -----
K: 5
batch_size: 1
nb_epochs: 50
patience: 100
lr: 0.005
l2_coef: 0.001
----- Archi. hyperparams -----
nb. layers: 1
nb. units per layer: [8]
nb. attention heads: [8, 1]
residual: False
nonlinearity: <function elu at 0x11f702a70>
model: <class 'models.gat.HeteGAT_multi'>
model: result/acm/2019-10-14 21:23:15/pre_trained/acm_allMP_multi_fea_/1/1.ckpt
{'__header__': b'MATLAB 5.0 MAT-file Platform: nt, Created on: Wed Feb 27 20:29:23 2019', '__version__': '1.0', '__globals__': [], 'PTP': array([[1., 1., 1., ..., 1., 1., 1.],
       [1., 1., 1., ..., 1., 1., 1.],
       [1., 1., 1., ..., 1., 1., 1.],
       ...,
       [1., 1., 1., ..., 1., 1., 1.],
       [1., 1., 1., ..., 1., 1., 1.],
       [1., 1., 1., ..., 1., 1., 1.]]), 'PLP': array([[1., 0., 0., ..., 0., 0., 0.],
       [0., 1., 0., ..., 0., 1., 0.],
       [0., 0., 1., ..., 1., 0., 1.],
       ...,
       [0., 0., 1., ..., 1., 0., 1.],
       [0., 1., 0., ..., 0., 1., 0.],
       [0., 0., 1., ..., 1., 0., 1.]]), 'PAP': array([[1., 0., 0., ..., 0., 0., 0.],
       [0., 1., 0., ..., 0., 0., 0.],
       [0., 0., 1., ..., 0., 0., 0.],
       ...,
       [0., 0., 0., ..., 1., 0., 0.],
       [0., 0., 0., ..., 0., 1., 0.],
       [0., 0., 0., ..., 0., 0., 1.]]), 'feature': array([[1., 1., 1., ..., 0., 0., 0.],
       [0., 1., 0., ..., 0., 0., 0.],
       [0., 1., 0., ..., 0., 0., 0.],
       ...,
       [1., 1., 0., ..., 0., 0., 0.],
       [0., 1., 0., ..., 0., 0., 0.],
       [0., 0., 1., ..., 0., 0., 0.]]), 'label': array([[1., 0., 0.],
       [1., 0., 0.],
       [1., 0., 0.],
       ...,
       [0., 0., 1.],
       [0., 0., 1.],
       [0., 0., 1.]]), 'train_idx': array([[   0,    1,    2,    3,    4,    5,    6,    7,    8,    9,   10,
          11,   12,   13,   14,   15,   16,   17,   18,   19,   20,   21,
          22,   23,   24,   25,   26,   27,   28,   29,   30,   31,   32,
          33,   34,   35,   36,   37,   38,   39,   40,   41,   42,   43,
          44,   45,   46,   47,   48,   49,   50,   51,   52,   53,   54,
          55,   56,   57,   58,   59,   60,   61,   62,   63,   64,   65,
          66,   67,   68,   69,   70,   71,   72,   73,   74,   75,   76,
          77,   78,   79,   80,   81,   82,   83,   84,   85,   86,   87,
          88,   89,   90,   91,   92,   93,   94,   95,   96,   97,   98,
          99,  100,  101,  102,  103,  104,  105,  106,  107,  108,  109,
         110,  111,  112,  113,  114,  115,  116,  117,  118,  119,  120,
         121,  122,  123,  124,  125,  126,  127,  128,  129,  130,  131,
         132,  133,  134,  135,  136,  137,  138,  139,  140,  141,  142,
         143,  144,  145,  146,  147,  148,  149,  150,  151,  152,  153,
         154,  155,  156,  157,  158,  159,  160,  161,  162,  163,  164,
         165,  166,  167,  168,  169,  170,  171,  172,  173,  174,  175,
         176,  177,  178,  179,  180,  181,  182,  183,  184,  185,  186,
         187,  188,  189,  190,  191,  192,  193,  194,  195,  196,  197,
         198,  199, 1061, 1062, 1063, 1064, 1065, 1066, 1067, 1068, 1069,
        1070, 1071, 1072, 1073, 1074, 1075, 1076, 1077, 1078, 1079, 1080,
        1081, 1082, 1083, 1084, 1085, 1086, 1087, 1088, 1089, 1090, 1091,
        1092, 1093, 1094, 1095, 1096, 1097, 1098, 1099, 1100, 1101, 1102,
        1103, 1104, 1105, 1106, 1107, 1108, 1109, 1110, 1111, 1112, 1113,
        1114, 1115, 1116, 1117, 1118, 1119, 1120, 1121, 1122, 1123, 1124,
        1125, 1126, 1127, 1128, 1129, 1130, 1131, 1132, 1133, 1134, 1135,
        1136, 1137, 1138, 1139, 1140, 1141, 1142, 1143, 1144, 1145, 1146,
        1147, 1148, 1149, 1150, 1151, 1152, 1153, 1154, 1155, 1156, 1157,
        1158, 1159, 1160, 1161, 1162, 1163, 1164, 1165, 1166, 1167, 1168,
        1169, 1170, 1171, 1172, 1173, 1174, 1175, 1176, 1177, 1178, 1179,
        1180, 1181, 1182, 1183, 1184, 1185, 1186, 1187, 1188, 1189, 1190,
        1191, 1192, 1193, 1194, 1195, 1196, 1197, 1198, 1199, 1200, 1201,
        1202, 1203, 1204, 1205, 1206, 1207, 1208, 1209, 1210, 1211, 1212,
        1213, 1214, 1215, 1216, 1217, 1218, 1219, 1220, 1221, 1222, 1223,
        1224, 1225, 1226, 1227, 1228, 1229, 1230, 1231, 1232, 1233, 1234,
        1235, 1236, 1237, 1238, 1239, 1240, 1241, 1242, 1243, 1244, 1245,
        1246, 1247, 1248, 1249, 1250, 1251, 1252, 1253, 1254, 1255, 1256,
        1257, 1258, 1259, 1260, 2026, 2027, 2028, 2029, 2030, 2031, 2032,
        2033, 2034, 2035, 2036, 2037, 2038, 2039, 2040, 2041, 2042, 2043,
        2044, 2045, 2046, 2047, 2048, 2049, 2050, 2051, 2052, 2053, 2054,
        2055, 2056, 2057, 2058, 2059, 2060, 2061, 2062, 2063, 2064, 2065,
        2066, 2067, 2068, 2069, 2070, 2071, 2072, 2073, 2074, 2075, 2076,
        2077, 2078, 2079, 2080, 2081, 2082, 2083, 2084, 2085, 2086, 2087,
        2088, 2089, 2090, 2091, 2092, 2093, 2094, 2095, 2096, 2097, 2098,
        2099, 2100, 2101, 2102, 2103, 2104, 2105, 2106, 2107, 2108, 2109,
        2110, 2111, 2112, 2113, 2114, 2115, 2116, 2117, 2118, 2119, 2120,
        2121, 2122, 2123, 2124, 2125, 2126, 2127, 2128, 2129, 2130, 2131,
        2132, 2133, 2134, 2135, 2136, 2137, 2138, 2139, 2140, 2141, 2142,
        2143, 2144, 2145, 2146, 2147, 2148, 2149, 2150, 2151, 2152, 2153,
        2154, 2155, 2156, 2157, 2158, 2159, 2160, 2161, 2162, 2163, 2164,
        2165, 2166, 2167, 2168, 2169, 2170, 2171, 2172, 2173, 2174, 2175,
        2176, 2177, 2178, 2179, 2180, 2181, 2182, 2183, 2184, 2185, 2186,
        2187, 2188, 2189, 2190, 2191, 2192, 2193, 2194, 2195, 2196, 2197,
        2198, 2199, 2200, 2201, 2202, 2203, 2204, 2205, 2206, 2207, 2208,
        2209, 2210, 2211, 2212, 2213, 2214, 2215, 2216, 2217, 2218, 2219,
        2220, 2221, 2222, 2223, 2224, 2225]], dtype=int32), 'val_idx': array([[ 200,  201,  202,  203,  204,  205,  206,  207,  208,  209,  210,
         211,  212,  213,  214,  215,  216,  217,  218,  219,  220,  221,
         222,  223,  224,  225,  226,  227,  228,  229,  230,  231,  232,
         233,  234,  235,  236,  237,  238,  239,  240,  241,  242,  243,
         244,  245,  246,  247,  248,  249,  250,  251,  252,  253,  254,
         255,  256,  257,  258,  259,  260,  261,  262,  263,  264,  265,
         266,  267,  268,  269,  270,  271,  272,  273,  274,  275,  276,
         277,  278,  279,  280,  281,  282,  283,  284,  285,  286,  287,
         288,  289,  290,  291,  292,  293,  294,  295,  296,  297,  298,
         299, 1261, 1262, 1263, 1264, 1265, 1266, 1267, 1268, 1269, 1270,
        1271, 1272, 1273, 1274, 1275, 1276, 1277, 1278, 1279, 1280, 1281,
        1282, 1283, 1284, 1285, 1286, 1287, 1288, 1289, 1290, 1291, 1292,
        1293, 1294, 1295, 1296, 1297, 1298, 1299, 1300, 1301, 1302, 1303,
        1304, 1305, 1306, 1307, 1308, 1309, 1310, 1311, 1312, 1313, 1314,
        1315, 1316, 1317, 1318, 1319, 1320, 1321, 1322, 1323, 1324, 1325,
        1326, 1327, 1328, 1329, 1330, 1331, 1332, 1333, 1334, 1335, 1336,
        1337, 1338, 1339, 1340, 1341, 1342, 1343, 1344, 1345, 1346, 1347,
        1348, 1349, 1350, 1351, 1352, 1353, 1354, 1355, 1356, 1357, 1358,
        1359, 1360, 2226, 2227, 2228, 2229, 2230, 2231, 2232, 2233, 2234,
        2235, 2236, 2237, 2238, 2239, 2240, 2241, 2242, 2243, 2244, 2245,
        2246, 2247, 2248, 2249, 2250, 2251, 2252, 2253, 2254, 2255, 2256,
        2257, 2258, 2259, 2260, 2261, 2262, 2263, 2264, 2265, 2266, 2267,
        2268, 2269, 2270, 2271, 2272, 2273, 2274, 2275, 2276, 2277, 2278,
        2279, 2280, 2281, 2282, 2283, 2284, 2285, 2286, 2287, 2288, 2289,
        2290, 2291, 2292, 2293, 2294, 2295, 2296, 2297, 2298, 2299, 2300,
        2301, 2302, 2303, 2304, 2305, 2306, 2307, 2308, 2309, 2310, 2311,
        2312, 2313, 2314, 2315, 2316, 2317, 2318, 2319, 2320, 2321, 2322,
        2323, 2324, 2325]], dtype=int32), 'test_idx': array([[ 300,  301,  302, ..., 3022, 3023, 3024]], dtype=int32)}
data---------
 {'__header__': b'MATLAB 5.0 MAT-file Platform: nt, Created on: Wed Feb 27 20:29:23 2019', '__version__': '1.0', '__globals__': [], 'PTP': array([[1., 1., 1., ..., 1., 1., 1.],
       [1., 1., 1., ..., 1., 1., 1.],
       [1., 1., 1., ..., 1., 1., 1.],
       ...,
       [1., 1., 1., ..., 1., 1., 1.],
       [1., 1., 1., ..., 1., 1., 1.],
       [1., 1., 1., ..., 1., 1., 1.]]), 'PLP': array([[1., 0., 0., ..., 0., 0., 0.],
       [0., 1., 0., ..., 0., 1., 0.],
       [0., 0., 1., ..., 1., 0., 1.],
       ...,
       [0., 0., 1., ..., 1., 0., 1.],
       [0., 1., 0., ..., 0., 1., 0.],
       [0., 0., 1., ..., 1., 0., 1.]]), 'PAP': array([[1., 0., 0., ..., 0., 0., 0.],
       [0., 1., 0., ..., 0., 0., 0.],
       [0., 0., 1., ..., 0., 0., 0.],
       ...,
       [0., 0., 0., ..., 1., 0., 0.],
       [0., 0., 0., ..., 0., 1., 0.],
       [0., 0., 0., ..., 0., 0., 1.]]), 'feature': array([[1., 1., 1., ..., 0., 0., 0.],
       [0., 1., 0., ..., 0., 0., 0.],
       [0., 1., 0., ..., 0., 0., 0.],
       ...,
       [1., 1., 0., ..., 0., 0., 0.],
       [0., 1., 0., ..., 0., 0., 0.],
       [0., 0., 1., ..., 0., 0., 0.]]), 'label': array([[1., 0., 0.],
       [1., 0., 0.],
       [1., 0., 0.],
       ...,
       [0., 0., 1.],
       [0., 0., 1.],
       [0., 0., 1.]]), 'train_idx': array([[   0,    1,    2,    3,    4,    5,    6,    7,    8,    9,   10,
          11,   12,   13,   14,   15,   16,   17,   18,   19,   20,   21,
          22,   23,   24,   25,   26,   27,   28,   29,   30,   31,   32,
          33,   34,   35,   36,   37,   38,   39,   40,   41,   42,   43,
          44,   45,   46,   47,   48,   49,   50,   51,   52,   53,   54,
          55,   56,   57,   58,   59,   60,   61,   62,   63,   64,   65,
          66,   67,   68,   69,   70,   71,   72,   73,   74,   75,   76,
          77,   78,   79,   80,   81,   82,   83,   84,   85,   86,   87,
          88,   89,   90,   91,   92,   93,   94,   95,   96,   97,   98,
          99,  100,  101,  102,  103,  104,  105,  106,  107,  108,  109,
         110,  111,  112,  113,  114,  115,  116,  117,  118,  119,  120,
         121,  122,  123,  124,  125,  126,  127,  128,  129,  130,  131,
         132,  133,  134,  135,  136,  137,  138,  139,  140,  141,  142,
         143,  144,  145,  146,  147,  148,  149,  150,  151,  152,  153,
         154,  155,  156,  157,  158,  159,  160,  161,  162,  163,  164,
         165,  166,  167,  168,  169,  170,  171,  172,  173,  174,  175,
         176,  177,  178,  179,  180,  181,  182,  183,  184,  185,  186,
         187,  188,  189,  190,  191,  192,  193,  194,  195,  196,  197,
         198,  199, 1061, 1062, 1063, 1064, 1065, 1066, 1067, 1068, 1069,
        1070, 1071, 1072, 1073, 1074, 1075, 1076, 1077, 1078, 1079, 1080,
        1081, 1082, 1083, 1084, 1085, 1086, 1087, 1088, 1089, 1090, 1091,
        1092, 1093, 1094, 1095, 1096, 1097, 1098, 1099, 1100, 1101, 1102,
        1103, 1104, 1105, 1106, 1107, 1108, 1109, 1110, 1111, 1112, 1113,
        1114, 1115, 1116, 1117, 1118, 1119, 1120, 1121, 1122, 1123, 1124,
        1125, 1126, 1127, 1128, 1129, 1130, 1131, 1132, 1133, 1134, 1135,
        1136, 1137, 1138, 1139, 1140, 1141, 1142, 1143, 1144, 1145, 1146,
        1147, 1148, 1149, 1150, 1151, 1152, 1153, 1154, 1155, 1156, 1157,
        1158, 1159, 1160, 1161, 1162, 1163, 1164, 1165, 1166, 1167, 1168,
        1169, 1170, 1171, 1172, 1173, 1174, 1175, 1176, 1177, 1178, 1179,
        1180, 1181, 1182, 1183, 1184, 1185, 1186, 1187, 1188, 1189, 1190,
        1191, 1192, 1193, 1194, 1195, 1196, 1197, 1198, 1199, 1200, 1201,
        1202, 1203, 1204, 1205, 1206, 1207, 1208, 1209, 1210, 1211, 1212,
        1213, 1214, 1215, 1216, 1217, 1218, 1219, 1220, 1221, 1222, 1223,
        1224, 1225, 1226, 1227, 1228, 1229, 1230, 1231, 1232, 1233, 1234,
        1235, 1236, 1237, 1238, 1239, 1240, 1241, 1242, 1243, 1244, 1245,
        1246, 1247, 1248, 1249, 1250, 1251, 1252, 1253, 1254, 1255, 1256,
        1257, 1258, 1259, 1260, 2026, 2027, 2028, 2029, 2030, 2031, 2032,
        2033, 2034, 2035, 2036, 2037, 2038, 2039, 2040, 2041, 2042, 2043,
        2044, 2045, 2046, 2047, 2048, 2049, 2050, 2051, 2052, 2053, 2054,
        2055, 2056, 2057, 2058, 2059, 2060, 2061, 2062, 2063, 2064, 2065,
        2066, 2067, 2068, 2069, 2070, 2071, 2072, 2073, 2074, 2075, 2076,
        2077, 2078, 2079, 2080, 2081, 2082, 2083, 2084, 2085, 2086, 2087,
        2088, 2089, 2090, 2091, 2092, 2093, 2094, 2095, 2096, 2097, 2098,
        2099, 2100, 2101, 2102, 2103, 2104, 2105, 2106, 2107, 2108, 2109,
        2110, 2111, 2112, 2113, 2114, 2115, 2116, 2117, 2118, 2119, 2120,
        2121, 2122, 2123, 2124, 2125, 2126, 2127, 2128, 2129, 2130, 2131,
        2132, 2133, 2134, 2135, 2136, 2137, 2138, 2139, 2140, 2141, 2142,
        2143, 2144, 2145, 2146, 2147, 2148, 2149, 2150, 2151, 2152, 2153,
        2154, 2155, 2156, 2157, 2158, 2159, 2160, 2161, 2162, 2163, 2164,
        2165, 2166, 2167, 2168, 2169, 2170, 2171, 2172, 2173, 2174, 2175,
        2176, 2177, 2178, 2179, 2180, 2181, 2182, 2183, 2184, 2185, 2186,
        2187, 2188, 2189, 2190, 2191, 2192, 2193, 2194, 2195, 2196, 2197,
        2198, 2199, 2200, 2201, 2202, 2203, 2204, 2205, 2206, 2207, 2208,
        2209, 2210, 2211, 2212, 2213, 2214, 2215, 2216, 2217, 2218, 2219,
        2220, 2221, 2222, 2223, 2224, 2225]], dtype=int32), 'val_idx': array([[ 200,  201,  202,  203,  204,  205,  206,  207,  208,  209,  210,
         211,  212,  213,  214,  215,  216,  217,  218,  219,  220,  221,
         222,  223,  224,  225,  226,  227,  228,  229,  230,  231,  232,
         233,  234,  235,  236,  237,  238,  239,  240,  241,  242,  243,
         244,  245,  246,  247,  248,  249,  250,  251,  252,  253,  254,
         255,  256,  257,  258,  259,  260,  261,  262,  263,  264,  265,
         266,  267,  268,  269,  270,  271,  272,  273,  274,  275,  276,
         277,  278,  279,  280,  281,  282,  283,  284,  285,  286,  287,
         288,  289,  290,  291,  292,  293,  294,  295,  296,  297,  298,
         299, 1261, 1262, 1263, 1264, 1265, 1266, 1267, 1268, 1269, 1270,
        1271, 1272, 1273, 1274, 1275, 1276, 1277, 1278, 1279, 1280, 1281,
        1282, 1283, 1284, 1285, 1286, 1287, 1288, 1289, 1290, 1291, 1292,
        1293, 1294, 1295, 1296, 1297, 1298, 1299, 1300, 1301, 1302, 1303,
        1304, 1305, 1306, 1307, 1308, 1309, 1310, 1311, 1312, 1313, 1314,
        1315, 1316, 1317, 1318, 1319, 1320, 1321, 1322, 1323, 1324, 1325,
        1326, 1327, 1328, 1329, 1330, 1331, 1332, 1333, 1334, 1335, 1336,
        1337, 1338, 1339, 1340, 1341, 1342, 1343, 1344, 1345, 1346, 1347,
        1348, 1349, 1350, 1351, 1352, 1353, 1354, 1355, 1356, 1357, 1358,
        1359, 1360, 2226, 2227, 2228, 2229, 2230, 2231, 2232, 2233, 2234,
        2235, 2236, 2237, 2238, 2239, 2240, 2241, 2242, 2243, 2244, 2245,
        2246, 2247, 2248, 2249, 2250, 2251, 2252, 2253, 2254, 2255, 2256,
        2257, 2258, 2259, 2260, 2261, 2262, 2263, 2264, 2265, 2266, 2267,
        2268, 2269, 2270, 2271, 2272, 2273, 2274, 2275, 2276, 2277, 2278,
        2279, 2280, 2281, 2282, 2283, 2284, 2285, 2286, 2287, 2288, 2289,
        2290, 2291, 2292, 2293, 2294, 2295, 2296, 2297, 2298, 2299, 2300,
        2301, 2302, 2303, 2304, 2305, 2306, 2307, 2308, 2309, 2310, 2311,
        2312, 2313, 2314, 2315, 2316, 2317, 2318, 2319, 2320, 2321, 2322,
        2323, 2324, 2325]], dtype=int32), 'test_idx': array([[ 300,  301,  302, ..., 3022, 3023, 3024]], dtype=int32)}
y_train:(3025, 3), y_val:(3025, 3), y_test:(3025, 3), train_idx:(1, 600), val_idx:(1, 300), test_idx:(1, 2125)
build graph...
de
Epoch: 0, att_val: [0.546489   0.45351094]
Training: loss = 1.18395, acc = 0.30667 | Val: loss = 1.01044, acc = 0.58667
Epoch: 1, att_val: [0.26087365 0.73912543]
Training: loss = 0.99765, acc = 0.49833 | Val: loss = 0.77785, acc = 0.64667
Epoch: 2, att_val: [0.2044096 0.795591 ]
Training: loss = 0.82200, acc = 0.65500 | Val: loss = 0.60068, acc = 0.92000
Epoch: 3, att_val: [0.31060466 0.6893956 ]
Training: loss = 0.62399, acc = 0.88333 | Val: loss = 0.45213, acc = 0.94333
Epoch: 4, att_val: [0.48564312 0.5143568 ]
Training: loss = 0.50323, acc = 0.86333 | Val: loss = 0.35749, acc = 0.95000
Epoch: 5, att_val: [0.6920557  0.30794415]
Training: loss = 0.43251, acc = 0.91167 | Val: loss = 0.28684, acc = 0.94333
Epoch: 6, att_val: [0.73732907 0.2626712 ]
Training: loss = 0.34864, acc = 0.92667 | Val: loss = 0.22769, acc = 0.96333
Epoch: 7, att_val: [0.6810105  0.31898975]
Training: loss = 0.27023, acc = 0.94167 | Val: loss = 0.19965, acc = 0.96000
Epoch: 8, att_val: [0.61057204 0.38942757]
Training: loss = 0.23698, acc = 0.93500 | Val: loss = 0.17159, acc = 0.96000
Epoch: 9, att_val: [0.5863784  0.41362143]
Training: loss = 0.21231, acc = 0.94167 | Val: loss = 0.14951, acc = 0.96333
Epoch: 10, att_val: [0.62928253 0.3707165 ]
Training: loss = 0.18758, acc = 0.93833 | Val: loss = 0.14315, acc = 0.96000
Epoch: 11, att_val: [0.6553147  0.34468484]
Training: loss = 0.14847, acc = 0.96167 | Val: loss = 0.13838, acc = 0.96000
Epoch: 12, att_val: [0.68464994 0.31535068]
Training: loss = 0.13958, acc = 0.95500 | Val: loss = 0.12809, acc = 0.97000
Epoch: 13, att_val: [0.6726683  0.32733256]
Training: loss = 0.13543, acc = 0.96167 | Val: loss = 0.11428, acc = 0.96000
Epoch: 14, att_val: [0.65146565 0.34853452]
Training: loss = 0.13798, acc = 0.96000 | Val: loss = 0.10796, acc = 0.96333
Epoch: 15, att_val: [0.6278095  0.37219065]
Training: loss = 0.14528, acc = 0.95667 | Val: loss = 0.10777, acc = 0.95667
Epoch: 16, att_val: [0.6233503 0.3766496]
Training: loss = 0.11858, acc = 0.96500 | Val: loss = 0.10101, acc = 0.95667
Epoch: 17, att_val: [0.66314197 0.33685794]
Training: loss = 0.10021, acc = 0.96500 | Val: loss = 0.09570, acc = 0.96333
Epoch: 18, att_val: [0.684279   0.31572047]
Training: loss = 0.09458, acc = 0.97833 | Val: loss = 0.09324, acc = 0.96667
Epoch: 19, att_val: [0.6923609  0.30763888]
Training: loss = 0.07942, acc = 0.97500 | Val: loss = 0.09078, acc = 0.96667
Epoch: 20, att_val: [0.6923184  0.30768183]
Training: loss = 0.08867, acc = 0.96833 | Val: loss = 0.08933, acc = 0.97000
Epoch: 21, att_val: [0.6633185  0.33668083]
Training: loss = 0.07533, acc = 0.98167 | Val: loss = 0.09026, acc = 0.96333
Epoch: 22, att_val: [0.6209527  0.37904721]
Training: loss = 0.08703, acc = 0.97333 | Val: loss = 0.10022, acc = 0.98000
Epoch: 23, att_val: [0.61957526 0.38042477]
Training: loss = 0.08118, acc = 0.97000 | Val: loss = 0.11769, acc = 0.97333
Epoch: 24, att_val: [0.58604336 0.41395646]
Training: loss = 0.06018, acc = 0.98667 | Val: loss = 0.11587, acc = 0.97000
Epoch: 25, att_val: [0.59678894 0.40321064]
Training: loss = 0.07317, acc = 0.98333 | Val: loss = 0.14555, acc = 0.94667
Epoch: 26, att_val: [0.53828406 0.46171612]
Training: loss = 0.06148, acc = 0.98000 | Val: loss = 0.10927, acc = 0.97000
Epoch: 27, att_val: [0.5749505  0.42504972]
Training: loss = 0.05941, acc = 0.98167 | Val: loss = 0.09215, acc = 0.96667
Epoch: 28, att_val: [0.6185877  0.38141283]
Training: loss = 0.05398, acc = 0.98500 | Val: loss = 0.08784, acc = 0.96667
Epoch: 29, att_val: [0.60893416 0.3910668 ]
Training: loss = 0.04341, acc = 0.99167 | Val: loss = 0.08465, acc = 0.96667
Epoch: 30, att_val: [0.64749897 0.352502  ]
Training: loss = 0.02988, acc = 0.99500 | Val: loss = 0.08087, acc = 0.97000
Epoch: 31, att_val: [0.6213315  0.37866768]
Training: loss = 0.03978, acc = 0.98667 | Val: loss = 0.07683, acc = 0.97667
Epoch: 32, att_val: [0.646935   0.35306507]
Training: loss = 0.04462, acc = 0.98833 | Val: loss = 0.07630, acc = 0.97333
Epoch: 33, att_val: [0.6330699 0.3669309]
Training: loss = 0.03433, acc = 0.99167 | Val: loss = 0.08405, acc = 0.97000
Epoch: 34, att_val: [0.6183863  0.38161382]
Training: loss = 0.03365, acc = 0.99167 | Val: loss = 0.09039, acc = 0.97333
Epoch: 35, att_val: [0.6281725  0.37182713]
Training: loss = 0.04053, acc = 0.99000 | Val: loss = 0.07754, acc = 0.96667
Epoch: 36, att_val: [0.63226706 0.3677326 ]
Training: loss = 0.02829, acc = 0.99500 | Val: loss = 0.06640, acc = 0.97333
Epoch: 37, att_val: [0.6714805  0.32851902]
Training: loss = 0.03580, acc = 0.99167 | Val: loss = 0.06247, acc = 0.98000
Epoch: 38, att_val: [0.6617209 0.3382789]
Training: loss = 0.03016, acc = 0.99167 | Val: loss = 0.06172, acc = 0.98333
Epoch: 39, att_val: [0.67711973 0.32287908]
Training: loss = 0.04183, acc = 0.98667 | Val: loss = 0.06339, acc = 0.97667
Epoch: 40, att_val: [0.6920886 0.3079102]
Training: loss = 0.02804, acc = 0.99667 | Val: loss = 0.06469, acc = 0.98000
Epoch: 41, att_val: [0.66410774 0.3358925 ]
Training: loss = 0.03156, acc = 0.99500 | Val: loss = 0.06718, acc = 0.98000
Epoch: 42, att_val: [0.63281673 0.36718234]
Training: loss = 0.03128, acc = 0.99333 | Val: loss = 0.06963, acc = 0.98000
Epoch: 43, att_val: [0.63837284 0.3616266 ]
Training: loss = 0.03166, acc = 0.99333 | Val: loss = 0.07224, acc = 0.98000
Epoch: 44, att_val: [0.63364106 0.36635876]
Training: loss = 0.02683, acc = 0.99333 | Val: loss = 0.07350, acc = 0.98000
Epoch: 45, att_val: [0.636743   0.36325735]
Training: loss = 0.02659, acc = 0.99500 | Val: loss = 0.07390, acc = 0.98000
Epoch: 46, att_val: [0.6564367  0.34356305]
Training: loss = 0.02652, acc = 0.99167 | Val: loss = 0.07479, acc = 0.98000
Epoch: 47, att_val: [0.62283546 0.3771643 ]
Training: loss = 0.02791, acc = 0.99333 | Val: loss = 0.07422, acc = 0.98000
Epoch: 48, att_val: [0.6474473 0.3525527]
Training: loss = 0.02832, acc = 0.99500 | Val: loss = 0.07375, acc = 0.98000
Epoch: 49, att_val: [0.65847796 0.341523  ]
Training: loss = 0.02813, acc = 0.99500 | Val: loss = 0.07295, acc = 0.98000
load model from : result/acm/2019-10-14 21:23:15/pre_trained/acm_allMP_multi_fea_/1/1.ckpt
jhy_final_embedding (3025, 64) 
 [[-0.0760757   0.7649459   0.02395685 ...  0.5445861   0.15863007
  -0.00775316]
 [-0.19870201  1.1205757  -0.14436269 ...  0.65566945 -0.17017855
   0.32007235]
 [ 0.08490087  0.8490369  -0.03061348 ...  0.5042494  -0.08828485
   0.18431431]
 ...
 [ 0.30890632  0.39594316  0.19648378 ... -0.11474576 -0.07180548
   0.4028505 ]
 [-0.07447615  1.062634   -0.0950781  ...  0.53709465 -0.16921018
   0.16264355]
 [ 0.53924096  0.45942128  0.15913217 ... -0.30750233 -0.17354193
   0.58030236]]
Test loss: 0.45147836208343506 ; Test accuracy: 0.876703679561615
start knn, kmean.....
xx: (2125, 64), yy: (2125, 3)
KNN(10avg, split:0.2, k=5) f1_macro: 0.8885, f1_micro: 0.8872
KNN(10avg, split:0.4, k=5) f1_macro: 0.8912, f1_micro: 0.8893
KNN(10avg, split:0.6, k=5) f1_macro: 0.8877, f1_micro: 0.8859
KNN(10avg, split:0.8, k=5) f1_macro: 0.8869, f1_micro: 0.8838
NMI (10 avg): 0.5980 , ARI (10avg): 0.5875
model: result/acm/2019-10-14 21:23:15/pre_trained/acm_allMP_multi_fea_/2/2.ckpt
{'__header__': b'MATLAB 5.0 MAT-file Platform: nt, Created on: Wed Feb 27 20:29:23 2019', '__version__': '1.0', '__globals__': [], 'PTP': array([[1., 1., 1., ..., 1., 1., 1.],
       [1., 1., 1., ..., 1., 1., 1.],
       [1., 1., 1., ..., 1., 1., 1.],
       ...,
       [1., 1., 1., ..., 1., 1., 1.],
       [1., 1., 1., ..., 1., 1., 1.],
       [1., 1., 1., ..., 1., 1., 1.]]), 'PLP': array([[1., 0., 0., ..., 0., 0., 0.],
       [0., 1., 0., ..., 0., 1., 0.],
       [0., 0., 1., ..., 1., 0., 1.],
       ...,
       [0., 0., 1., ..., 1., 0., 1.],
       [0., 1., 0., ..., 0., 1., 0.],
       [0., 0., 1., ..., 1., 0., 1.]]), 'PAP': array([[1., 0., 0., ..., 0., 0., 0.],
       [0., 1., 0., ..., 0., 0., 0.],
       [0., 0., 1., ..., 0., 0., 0.],
       ...,
       [0., 0., 0., ..., 1., 0., 0.],
       [0., 0., 0., ..., 0., 1., 0.],
       [0., 0., 0., ..., 0., 0., 1.]]), 'feature': array([[1., 1., 1., ..., 0., 0., 0.],
       [0., 1., 0., ..., 0., 0., 0.],
       [0., 1., 0., ..., 0., 0., 0.],
       ...,
       [1., 1., 0., ..., 0., 0., 0.],
       [0., 1., 0., ..., 0., 0., 0.],
       [0., 0., 1., ..., 0., 0., 0.]]), 'label': array([[1., 0., 0.],
       [1., 0., 0.],
       [1., 0., 0.],
       ...,
       [0., 0., 1.],
       [0., 0., 1.],
       [0., 0., 1.]]), 'train_idx': array([[   0,    1,    2,    3,    4,    5,    6,    7,    8,    9,   10,
          11,   12,   13,   14,   15,   16,   17,   18,   19,   20,   21,
          22,   23,   24,   25,   26,   27,   28,   29,   30,   31,   32,
          33,   34,   35,   36,   37,   38,   39,   40,   41,   42,   43,
          44,   45,   46,   47,   48,   49,   50,   51,   52,   53,   54,
          55,   56,   57,   58,   59,   60,   61,   62,   63,   64,   65,
          66,   67,   68,   69,   70,   71,   72,   73,   74,   75,   76,
          77,   78,   79,   80,   81,   82,   83,   84,   85,   86,   87,
          88,   89,   90,   91,   92,   93,   94,   95,   96,   97,   98,
          99,  100,  101,  102,  103,  104,  105,  106,  107,  108,  109,
         110,  111,  112,  113,  114,  115,  116,  117,  118,  119,  120,
         121,  122,  123,  124,  125,  126,  127,  128,  129,  130,  131,
         132,  133,  134,  135,  136,  137,  138,  139,  140,  141,  142,
         143,  144,  145,  146,  147,  148,  149,  150,  151,  152,  153,
         154,  155,  156,  157,  158,  159,  160,  161,  162,  163,  164,
         165,  166,  167,  168,  169,  170,  171,  172,  173,  174,  175,
         176,  177,  178,  179,  180,  181,  182,  183,  184,  185,  186,
         187,  188,  189,  190,  191,  192,  193,  194,  195,  196,  197,
         198,  199, 1061, 1062, 1063, 1064, 1065, 1066, 1067, 1068, 1069,
        1070, 1071, 1072, 1073, 1074, 1075, 1076, 1077, 1078, 1079, 1080,
        1081, 1082, 1083, 1084, 1085, 1086, 1087, 1088, 1089, 1090, 1091,
        1092, 1093, 1094, 1095, 1096, 1097, 1098, 1099, 1100, 1101, 1102,
        1103, 1104, 1105, 1106, 1107, 1108, 1109, 1110, 1111, 1112, 1113,
        1114, 1115, 1116, 1117, 1118, 1119, 1120, 1121, 1122, 1123, 1124,
        1125, 1126, 1127, 1128, 1129, 1130, 1131, 1132, 1133, 1134, 1135,
        1136, 1137, 1138, 1139, 1140, 1141, 1142, 1143, 1144, 1145, 1146,
        1147, 1148, 1149, 1150, 1151, 1152, 1153, 1154, 1155, 1156, 1157,
        1158, 1159, 1160, 1161, 1162, 1163, 1164, 1165, 1166, 1167, 1168,
        1169, 1170, 1171, 1172, 1173, 1174, 1175, 1176, 1177, 1178, 1179,
        1180, 1181, 1182, 1183, 1184, 1185, 1186, 1187, 1188, 1189, 1190,
        1191, 1192, 1193, 1194, 1195, 1196, 1197, 1198, 1199, 1200, 1201,
        1202, 1203, 1204, 1205, 1206, 1207, 1208, 1209, 1210, 1211, 1212,
        1213, 1214, 1215, 1216, 1217, 1218, 1219, 1220, 1221, 1222, 1223,
        1224, 1225, 1226, 1227, 1228, 1229, 1230, 1231, 1232, 1233, 1234,
        1235, 1236, 1237, 1238, 1239, 1240, 1241, 1242, 1243, 1244, 1245,
        1246, 1247, 1248, 1249, 1250, 1251, 1252, 1253, 1254, 1255, 1256,
        1257, 1258, 1259, 1260, 2026, 2027, 2028, 2029, 2030, 2031, 2032,
        2033, 2034, 2035, 2036, 2037, 2038, 2039, 2040, 2041, 2042, 2043,
        2044, 2045, 2046, 2047, 2048, 2049, 2050, 2051, 2052, 2053, 2054,
        2055, 2056, 2057, 2058, 2059, 2060, 2061, 2062, 2063, 2064, 2065,
        2066, 2067, 2068, 2069, 2070, 2071, 2072, 2073, 2074, 2075, 2076,
        2077, 2078, 2079, 2080, 2081, 2082, 2083, 2084, 2085, 2086, 2087,
        2088, 2089, 2090, 2091, 2092, 2093, 2094, 2095, 2096, 2097, 2098,
        2099, 2100, 2101, 2102, 2103, 2104, 2105, 2106, 2107, 2108, 2109,
        2110, 2111, 2112, 2113, 2114, 2115, 2116, 2117, 2118, 2119, 2120,
        2121, 2122, 2123, 2124, 2125, 2126, 2127, 2128, 2129, 2130, 2131,
        2132, 2133, 2134, 2135, 2136, 2137, 2138, 2139, 2140, 2141, 2142,
        2143, 2144, 2145, 2146, 2147, 2148, 2149, 2150, 2151, 2152, 2153,
        2154, 2155, 2156, 2157, 2158, 2159, 2160, 2161, 2162, 2163, 2164,
        2165, 2166, 2167, 2168, 2169, 2170, 2171, 2172, 2173, 2174, 2175,
        2176, 2177, 2178, 2179, 2180, 2181, 2182, 2183, 2184, 2185, 2186,
        2187, 2188, 2189, 2190, 2191, 2192, 2193, 2194, 2195, 2196, 2197,
        2198, 2199, 2200, 2201, 2202, 2203, 2204, 2205, 2206, 2207, 2208,
        2209, 2210, 2211, 2212, 2213, 2214, 2215, 2216, 2217, 2218, 2219,
        2220, 2221, 2222, 2223, 2224, 2225]], dtype=int32), 'val_idx': array([[ 200,  201,  202,  203,  204,  205,  206,  207,  208,  209,  210,
         211,  212,  213,  214,  215,  216,  217,  218,  219,  220,  221,
         222,  223,  224,  225,  226,  227,  228,  229,  230,  231,  232,
         233,  234,  235,  236,  237,  238,  239,  240,  241,  242,  243,
         244,  245,  246,  247,  248,  249,  250,  251,  252,  253,  254,
         255,  256,  257,  258,  259,  260,  261,  262,  263,  264,  265,
         266,  267,  268,  269,  270,  271,  272,  273,  274,  275,  276,
         277,  278,  279,  280,  281,  282,  283,  284,  285,  286,  287,
         288,  289,  290,  291,  292,  293,  294,  295,  296,  297,  298,
         299, 1261, 1262, 1263, 1264, 1265, 1266, 1267, 1268, 1269, 1270,
        1271, 1272, 1273, 1274, 1275, 1276, 1277, 1278, 1279, 1280, 1281,
        1282, 1283, 1284, 1285, 1286, 1287, 1288, 1289, 1290, 1291, 1292,
        1293, 1294, 1295, 1296, 1297, 1298, 1299, 1300, 1301, 1302, 1303,
        1304, 1305, 1306, 1307, 1308, 1309, 1310, 1311, 1312, 1313, 1314,
        1315, 1316, 1317, 1318, 1319, 1320, 1321, 1322, 1323, 1324, 1325,
        1326, 1327, 1328, 1329, 1330, 1331, 1332, 1333, 1334, 1335, 1336,
        1337, 1338, 1339, 1340, 1341, 1342, 1343, 1344, 1345, 1346, 1347,
        1348, 1349, 1350, 1351, 1352, 1353, 1354, 1355, 1356, 1357, 1358,
        1359, 1360, 2226, 2227, 2228, 2229, 2230, 2231, 2232, 2233, 2234,
        2235, 2236, 2237, 2238, 2239, 2240, 2241, 2242, 2243, 2244, 2245,
        2246, 2247, 2248, 2249, 2250, 2251, 2252, 2253, 2254, 2255, 2256,
        2257, 2258, 2259, 2260, 2261, 2262, 2263, 2264, 2265, 2266, 2267,
        2268, 2269, 2270, 2271, 2272, 2273, 2274, 2275, 2276, 2277, 2278,
        2279, 2280, 2281, 2282, 2283, 2284, 2285, 2286, 2287, 2288, 2289,
        2290, 2291, 2292, 2293, 2294, 2295, 2296, 2297, 2298, 2299, 2300,
        2301, 2302, 2303, 2304, 2305, 2306, 2307, 2308, 2309, 2310, 2311,
        2312, 2313, 2314, 2315, 2316, 2317, 2318, 2319, 2320, 2321, 2322,
        2323, 2324, 2325]], dtype=int32), 'test_idx': array([[ 300,  301,  302, ..., 3022, 3023, 3024]], dtype=int32)}
