Dataset: acm
----- Opt. hyperparams -----
K: 5
batch_size: 1
nb_epochs: 50
patience: 100
lr: 0.005
l2_coef: 0.001
----- Archi. hyperparams -----
nb. layers: 1
nb. units per layer: [8]
nb. attention heads: [8, 1]
residual: False
nonlinearity: <function elu at 0x123ea6b00>
model: <class 'models.gat.HeteGAT_multi'>
model: result/acm/2019-10-15 11:39:10/pre_trained/acm_allMP_multi_fea_/1/1.ckpt
{'__header__': b'MATLAB 5.0 MAT-file Platform: nt, Created on: Wed Feb 27 20:29:23 2019', '__version__': '1.0', '__globals__': [], 'PTP': array([[1., 1., 1., ..., 1., 1., 1.],
       [1., 1., 1., ..., 1., 1., 1.],
       [1., 1., 1., ..., 1., 1., 1.],
       ...,
       [1., 1., 1., ..., 1., 1., 1.],
       [1., 1., 1., ..., 1., 1., 1.],
       [1., 1., 1., ..., 1., 1., 1.]]), 'PLP': array([[1., 0., 0., ..., 0., 0., 0.],
       [0., 1., 0., ..., 0., 1., 0.],
       [0., 0., 1., ..., 1., 0., 1.],
       ...,
       [0., 0., 1., ..., 1., 0., 1.],
       [0., 1., 0., ..., 0., 1., 0.],
       [0., 0., 1., ..., 1., 0., 1.]]), 'PAP': array([[1., 0., 0., ..., 0., 0., 0.],
       [0., 1., 0., ..., 0., 0., 0.],
       [0., 0., 1., ..., 0., 0., 0.],
       ...,
       [0., 0., 0., ..., 1., 0., 0.],
       [0., 0., 0., ..., 0., 1., 0.],
       [0., 0., 0., ..., 0., 0., 1.]]), 'feature': array([[1., 1., 1., ..., 0., 0., 0.],
       [0., 1., 0., ..., 0., 0., 0.],
       [0., 1., 0., ..., 0., 0., 0.],
       ...,
       [1., 1., 0., ..., 0., 0., 0.],
       [0., 1., 0., ..., 0., 0., 0.],
       [0., 0., 1., ..., 0., 0., 0.]]), 'label': array([[1., 0., 0.],
       [1., 0., 0.],
       [1., 0., 0.],
       ...,
       [0., 0., 1.],
       [0., 0., 1.],
       [0., 0., 1.]]), 'train_idx': array([[   0,    1,    2,    3,    4,    5,    6,    7,    8,    9,   10,
          11,   12,   13,   14,   15,   16,   17,   18,   19,   20,   21,
          22,   23,   24,   25,   26,   27,   28,   29,   30,   31,   32,
          33,   34,   35,   36,   37,   38,   39,   40,   41,   42,   43,
          44,   45,   46,   47,   48,   49,   50,   51,   52,   53,   54,
          55,   56,   57,   58,   59,   60,   61,   62,   63,   64,   65,
          66,   67,   68,   69,   70,   71,   72,   73,   74,   75,   76,
          77,   78,   79,   80,   81,   82,   83,   84,   85,   86,   87,
          88,   89,   90,   91,   92,   93,   94,   95,   96,   97,   98,
          99,  100,  101,  102,  103,  104,  105,  106,  107,  108,  109,
         110,  111,  112,  113,  114,  115,  116,  117,  118,  119,  120,
         121,  122,  123,  124,  125,  126,  127,  128,  129,  130,  131,
         132,  133,  134,  135,  136,  137,  138,  139,  140,  141,  142,
         143,  144,  145,  146,  147,  148,  149,  150,  151,  152,  153,
         154,  155,  156,  157,  158,  159,  160,  161,  162,  163,  164,
         165,  166,  167,  168,  169,  170,  171,  172,  173,  174,  175,
         176,  177,  178,  179,  180,  181,  182,  183,  184,  185,  186,
         187,  188,  189,  190,  191,  192,  193,  194,  195,  196,  197,
         198,  199, 1061, 1062, 1063, 1064, 1065, 1066, 1067, 1068, 1069,
        1070, 1071, 1072, 1073, 1074, 1075, 1076, 1077, 1078, 1079, 1080,
        1081, 1082, 1083, 1084, 1085, 1086, 1087, 1088, 1089, 1090, 1091,
        1092, 1093, 1094, 1095, 1096, 1097, 1098, 1099, 1100, 1101, 1102,
        1103, 1104, 1105, 1106, 1107, 1108, 1109, 1110, 1111, 1112, 1113,
        1114, 1115, 1116, 1117, 1118, 1119, 1120, 1121, 1122, 1123, 1124,
        1125, 1126, 1127, 1128, 1129, 1130, 1131, 1132, 1133, 1134, 1135,
        1136, 1137, 1138, 1139, 1140, 1141, 1142, 1143, 1144, 1145, 1146,
        1147, 1148, 1149, 1150, 1151, 1152, 1153, 1154, 1155, 1156, 1157,
        1158, 1159, 1160, 1161, 1162, 1163, 1164, 1165, 1166, 1167, 1168,
        1169, 1170, 1171, 1172, 1173, 1174, 1175, 1176, 1177, 1178, 1179,
        1180, 1181, 1182, 1183, 1184, 1185, 1186, 1187, 1188, 1189, 1190,
        1191, 1192, 1193, 1194, 1195, 1196, 1197, 1198, 1199, 1200, 1201,
        1202, 1203, 1204, 1205, 1206, 1207, 1208, 1209, 1210, 1211, 1212,
        1213, 1214, 1215, 1216, 1217, 1218, 1219, 1220, 1221, 1222, 1223,
        1224, 1225, 1226, 1227, 1228, 1229, 1230, 1231, 1232, 1233, 1234,
        1235, 1236, 1237, 1238, 1239, 1240, 1241, 1242, 1243, 1244, 1245,
        1246, 1247, 1248, 1249, 1250, 1251, 1252, 1253, 1254, 1255, 1256,
        1257, 1258, 1259, 1260, 2026, 2027, 2028, 2029, 2030, 2031, 2032,
        2033, 2034, 2035, 2036, 2037, 2038, 2039, 2040, 2041, 2042, 2043,
        2044, 2045, 2046, 2047, 2048, 2049, 2050, 2051, 2052, 2053, 2054,
        2055, 2056, 2057, 2058, 2059, 2060, 2061, 2062, 2063, 2064, 2065,
        2066, 2067, 2068, 2069, 2070, 2071, 2072, 2073, 2074, 2075, 2076,
        2077, 2078, 2079, 2080, 2081, 2082, 2083, 2084, 2085, 2086, 2087,
        2088, 2089, 2090, 2091, 2092, 2093, 2094, 2095, 2096, 2097, 2098,
        2099, 2100, 2101, 2102, 2103, 2104, 2105, 2106, 2107, 2108, 2109,
        2110, 2111, 2112, 2113, 2114, 2115, 2116, 2117, 2118, 2119, 2120,
        2121, 2122, 2123, 2124, 2125, 2126, 2127, 2128, 2129, 2130, 2131,
        2132, 2133, 2134, 2135, 2136, 2137, 2138, 2139, 2140, 2141, 2142,
        2143, 2144, 2145, 2146, 2147, 2148, 2149, 2150, 2151, 2152, 2153,
        2154, 2155, 2156, 2157, 2158, 2159, 2160, 2161, 2162, 2163, 2164,
        2165, 2166, 2167, 2168, 2169, 2170, 2171, 2172, 2173, 2174, 2175,
        2176, 2177, 2178, 2179, 2180, 2181, 2182, 2183, 2184, 2185, 2186,
        2187, 2188, 2189, 2190, 2191, 2192, 2193, 2194, 2195, 2196, 2197,
        2198, 2199, 2200, 2201, 2202, 2203, 2204, 2205, 2206, 2207, 2208,
        2209, 2210, 2211, 2212, 2213, 2214, 2215, 2216, 2217, 2218, 2219,
        2220, 2221, 2222, 2223, 2224, 2225]], dtype=int32), 'val_idx': array([[ 200,  201,  202,  203,  204,  205,  206,  207,  208,  209,  210,
         211,  212,  213,  214,  215,  216,  217,  218,  219,  220,  221,
         222,  223,  224,  225,  226,  227,  228,  229,  230,  231,  232,
         233,  234,  235,  236,  237,  238,  239,  240,  241,  242,  243,
         244,  245,  246,  247,  248,  249,  250,  251,  252,  253,  254,
         255,  256,  257,  258,  259,  260,  261,  262,  263,  264,  265,
         266,  267,  268,  269,  270,  271,  272,  273,  274,  275,  276,
         277,  278,  279,  280,  281,  282,  283,  284,  285,  286,  287,
         288,  289,  290,  291,  292,  293,  294,  295,  296,  297,  298,
         299, 1261, 1262, 1263, 1264, 1265, 1266, 1267, 1268, 1269, 1270,
        1271, 1272, 1273, 1274, 1275, 1276, 1277, 1278, 1279, 1280, 1281,
        1282, 1283, 1284, 1285, 1286, 1287, 1288, 1289, 1290, 1291, 1292,
        1293, 1294, 1295, 1296, 1297, 1298, 1299, 1300, 1301, 1302, 1303,
        1304, 1305, 1306, 1307, 1308, 1309, 1310, 1311, 1312, 1313, 1314,
        1315, 1316, 1317, 1318, 1319, 1320, 1321, 1322, 1323, 1324, 1325,
        1326, 1327, 1328, 1329, 1330, 1331, 1332, 1333, 1334, 1335, 1336,
        1337, 1338, 1339, 1340, 1341, 1342, 1343, 1344, 1345, 1346, 1347,
        1348, 1349, 1350, 1351, 1352, 1353, 1354, 1355, 1356, 1357, 1358,
        1359, 1360, 2226, 2227, 2228, 2229, 2230, 2231, 2232, 2233, 2234,
        2235, 2236, 2237, 2238, 2239, 2240, 2241, 2242, 2243, 2244, 2245,
        2246, 2247, 2248, 2249, 2250, 2251, 2252, 2253, 2254, 2255, 2256,
        2257, 2258, 2259, 2260, 2261, 2262, 2263, 2264, 2265, 2266, 2267,
        2268, 2269, 2270, 2271, 2272, 2273, 2274, 2275, 2276, 2277, 2278,
        2279, 2280, 2281, 2282, 2283, 2284, 2285, 2286, 2287, 2288, 2289,
        2290, 2291, 2292, 2293, 2294, 2295, 2296, 2297, 2298, 2299, 2300,
        2301, 2302, 2303, 2304, 2305, 2306, 2307, 2308, 2309, 2310, 2311,
        2312, 2313, 2314, 2315, 2316, 2317, 2318, 2319, 2320, 2321, 2322,
        2323, 2324, 2325]], dtype=int32), 'test_idx': array([[ 300,  301,  302, ..., 3022, 3023, 3024]], dtype=int32)}
data---------
 {'__header__': b'MATLAB 5.0 MAT-file Platform: nt, Created on: Wed Feb 27 20:29:23 2019', '__version__': '1.0', '__globals__': [], 'PTP': array([[1., 1., 1., ..., 1., 1., 1.],
       [1., 1., 1., ..., 1., 1., 1.],
       [1., 1., 1., ..., 1., 1., 1.],
       ...,
       [1., 1., 1., ..., 1., 1., 1.],
       [1., 1., 1., ..., 1., 1., 1.],
       [1., 1., 1., ..., 1., 1., 1.]]), 'PLP': array([[1., 0., 0., ..., 0., 0., 0.],
       [0., 1., 0., ..., 0., 1., 0.],
       [0., 0., 1., ..., 1., 0., 1.],
       ...,
       [0., 0., 1., ..., 1., 0., 1.],
       [0., 1., 0., ..., 0., 1., 0.],
       [0., 0., 1., ..., 1., 0., 1.]]), 'PAP': array([[1., 0., 0., ..., 0., 0., 0.],
       [0., 1., 0., ..., 0., 0., 0.],
       [0., 0., 1., ..., 0., 0., 0.],
       ...,
       [0., 0., 0., ..., 1., 0., 0.],
       [0., 0., 0., ..., 0., 1., 0.],
       [0., 0., 0., ..., 0., 0., 1.]]), 'feature': array([[1., 1., 1., ..., 0., 0., 0.],
       [0., 1., 0., ..., 0., 0., 0.],
       [0., 1., 0., ..., 0., 0., 0.],
       ...,
       [1., 1., 0., ..., 0., 0., 0.],
       [0., 1., 0., ..., 0., 0., 0.],
       [0., 0., 1., ..., 0., 0., 0.]]), 'label': array([[1., 0., 0.],
       [1., 0., 0.],
       [1., 0., 0.],
       ...,
       [0., 0., 1.],
       [0., 0., 1.],
       [0., 0., 1.]]), 'train_idx': array([[   0,    1,    2,    3,    4,    5,    6,    7,    8,    9,   10,
          11,   12,   13,   14,   15,   16,   17,   18,   19,   20,   21,
          22,   23,   24,   25,   26,   27,   28,   29,   30,   31,   32,
          33,   34,   35,   36,   37,   38,   39,   40,   41,   42,   43,
          44,   45,   46,   47,   48,   49,   50,   51,   52,   53,   54,
          55,   56,   57,   58,   59,   60,   61,   62,   63,   64,   65,
          66,   67,   68,   69,   70,   71,   72,   73,   74,   75,   76,
          77,   78,   79,   80,   81,   82,   83,   84,   85,   86,   87,
          88,   89,   90,   91,   92,   93,   94,   95,   96,   97,   98,
          99,  100,  101,  102,  103,  104,  105,  106,  107,  108,  109,
         110,  111,  112,  113,  114,  115,  116,  117,  118,  119,  120,
         121,  122,  123,  124,  125,  126,  127,  128,  129,  130,  131,
         132,  133,  134,  135,  136,  137,  138,  139,  140,  141,  142,
         143,  144,  145,  146,  147,  148,  149,  150,  151,  152,  153,
         154,  155,  156,  157,  158,  159,  160,  161,  162,  163,  164,
         165,  166,  167,  168,  169,  170,  171,  172,  173,  174,  175,
         176,  177,  178,  179,  180,  181,  182,  183,  184,  185,  186,
         187,  188,  189,  190,  191,  192,  193,  194,  195,  196,  197,
         198,  199, 1061, 1062, 1063, 1064, 1065, 1066, 1067, 1068, 1069,
        1070, 1071, 1072, 1073, 1074, 1075, 1076, 1077, 1078, 1079, 1080,
        1081, 1082, 1083, 1084, 1085, 1086, 1087, 1088, 1089, 1090, 1091,
        1092, 1093, 1094, 1095, 1096, 1097, 1098, 1099, 1100, 1101, 1102,
        1103, 1104, 1105, 1106, 1107, 1108, 1109, 1110, 1111, 1112, 1113,
        1114, 1115, 1116, 1117, 1118, 1119, 1120, 1121, 1122, 1123, 1124,
        1125, 1126, 1127, 1128, 1129, 1130, 1131, 1132, 1133, 1134, 1135,
        1136, 1137, 1138, 1139, 1140, 1141, 1142, 1143, 1144, 1145, 1146,
        1147, 1148, 1149, 1150, 1151, 1152, 1153, 1154, 1155, 1156, 1157,
        1158, 1159, 1160, 1161, 1162, 1163, 1164, 1165, 1166, 1167, 1168,
        1169, 1170, 1171, 1172, 1173, 1174, 1175, 1176, 1177, 1178, 1179,
        1180, 1181, 1182, 1183, 1184, 1185, 1186, 1187, 1188, 1189, 1190,
        1191, 1192, 1193, 1194, 1195, 1196, 1197, 1198, 1199, 1200, 1201,
        1202, 1203, 1204, 1205, 1206, 1207, 1208, 1209, 1210, 1211, 1212,
        1213, 1214, 1215, 1216, 1217, 1218, 1219, 1220, 1221, 1222, 1223,
        1224, 1225, 1226, 1227, 1228, 1229, 1230, 1231, 1232, 1233, 1234,
        1235, 1236, 1237, 1238, 1239, 1240, 1241, 1242, 1243, 1244, 1245,
        1246, 1247, 1248, 1249, 1250, 1251, 1252, 1253, 1254, 1255, 1256,
        1257, 1258, 1259, 1260, 2026, 2027, 2028, 2029, 2030, 2031, 2032,
        2033, 2034, 2035, 2036, 2037, 2038, 2039, 2040, 2041, 2042, 2043,
        2044, 2045, 2046, 2047, 2048, 2049, 2050, 2051, 2052, 2053, 2054,
        2055, 2056, 2057, 2058, 2059, 2060, 2061, 2062, 2063, 2064, 2065,
        2066, 2067, 2068, 2069, 2070, 2071, 2072, 2073, 2074, 2075, 2076,
        2077, 2078, 2079, 2080, 2081, 2082, 2083, 2084, 2085, 2086, 2087,
        2088, 2089, 2090, 2091, 2092, 2093, 2094, 2095, 2096, 2097, 2098,
        2099, 2100, 2101, 2102, 2103, 2104, 2105, 2106, 2107, 2108, 2109,
        2110, 2111, 2112, 2113, 2114, 2115, 2116, 2117, 2118, 2119, 2120,
        2121, 2122, 2123, 2124, 2125, 2126, 2127, 2128, 2129, 2130, 2131,
        2132, 2133, 2134, 2135, 2136, 2137, 2138, 2139, 2140, 2141, 2142,
        2143, 2144, 2145, 2146, 2147, 2148, 2149, 2150, 2151, 2152, 2153,
        2154, 2155, 2156, 2157, 2158, 2159, 2160, 2161, 2162, 2163, 2164,
        2165, 2166, 2167, 2168, 2169, 2170, 2171, 2172, 2173, 2174, 2175,
        2176, 2177, 2178, 2179, 2180, 2181, 2182, 2183, 2184, 2185, 2186,
        2187, 2188, 2189, 2190, 2191, 2192, 2193, 2194, 2195, 2196, 2197,
        2198, 2199, 2200, 2201, 2202, 2203, 2204, 2205, 2206, 2207, 2208,
        2209, 2210, 2211, 2212, 2213, 2214, 2215, 2216, 2217, 2218, 2219,
        2220, 2221, 2222, 2223, 2224, 2225]], dtype=int32), 'val_idx': array([[ 200,  201,  202,  203,  204,  205,  206,  207,  208,  209,  210,
         211,  212,  213,  214,  215,  216,  217,  218,  219,  220,  221,
         222,  223,  224,  225,  226,  227,  228,  229,  230,  231,  232,
         233,  234,  235,  236,  237,  238,  239,  240,  241,  242,  243,
         244,  245,  246,  247,  248,  249,  250,  251,  252,  253,  254,
         255,  256,  257,  258,  259,  260,  261,  262,  263,  264,  265,
         266,  267,  268,  269,  270,  271,  272,  273,  274,  275,  276,
         277,  278,  279,  280,  281,  282,  283,  284,  285,  286,  287,
         288,  289,  290,  291,  292,  293,  294,  295,  296,  297,  298,
         299, 1261, 1262, 1263, 1264, 1265, 1266, 1267, 1268, 1269, 1270,
        1271, 1272, 1273, 1274, 1275, 1276, 1277, 1278, 1279, 1280, 1281,
        1282, 1283, 1284, 1285, 1286, 1287, 1288, 1289, 1290, 1291, 1292,
        1293, 1294, 1295, 1296, 1297, 1298, 1299, 1300, 1301, 1302, 1303,
        1304, 1305, 1306, 1307, 1308, 1309, 1310, 1311, 1312, 1313, 1314,
        1315, 1316, 1317, 1318, 1319, 1320, 1321, 1322, 1323, 1324, 1325,
        1326, 1327, 1328, 1329, 1330, 1331, 1332, 1333, 1334, 1335, 1336,
        1337, 1338, 1339, 1340, 1341, 1342, 1343, 1344, 1345, 1346, 1347,
        1348, 1349, 1350, 1351, 1352, 1353, 1354, 1355, 1356, 1357, 1358,
        1359, 1360, 2226, 2227, 2228, 2229, 2230, 2231, 2232, 2233, 2234,
        2235, 2236, 2237, 2238, 2239, 2240, 2241, 2242, 2243, 2244, 2245,
        2246, 2247, 2248, 2249, 2250, 2251, 2252, 2253, 2254, 2255, 2256,
        2257, 2258, 2259, 2260, 2261, 2262, 2263, 2264, 2265, 2266, 2267,
        2268, 2269, 2270, 2271, 2272, 2273, 2274, 2275, 2276, 2277, 2278,
        2279, 2280, 2281, 2282, 2283, 2284, 2285, 2286, 2287, 2288, 2289,
        2290, 2291, 2292, 2293, 2294, 2295, 2296, 2297, 2298, 2299, 2300,
        2301, 2302, 2303, 2304, 2305, 2306, 2307, 2308, 2309, 2310, 2311,
        2312, 2313, 2314, 2315, 2316, 2317, 2318, 2319, 2320, 2321, 2322,
        2323, 2324, 2325]], dtype=int32), 'test_idx': array([[ 300,  301,  302, ..., 3022, 3023, 3024]], dtype=int32)}
y_train:(3025, 3), y_val:(3025, 3), y_test:(3025, 3), train_idx:(1, 600), val_idx:(1, 300), test_idx:(1, 2125)
build graph...
de
Epoch: 0, att_val: [0.55165666 0.44834283]
Training: loss = 1.15337, acc = 0.30833 | Val: loss = 0.90962, acc = 0.64667
Epoch: 1, att_val: [0.21474169 0.7852584 ]
Training: loss = 0.91224, acc = 0.65667 | Val: loss = 0.78633, acc = 0.64667
Epoch: 2, att_val: [0.18285209 0.81714755]
Training: loss = 0.81088, acc = 0.63500 | Val: loss = 0.56819, acc = 0.92667
Epoch: 3, att_val: [0.3301116  0.66988844]
Training: loss = 0.59395, acc = 0.86333 | Val: loss = 0.47845, acc = 0.84000
Epoch: 4, att_val: [0.52377325 0.47622642]
Training: loss = 0.54291, acc = 0.76333 | Val: loss = 0.35382, acc = 0.93333
Epoch: 5, att_val: [0.67918277 0.3208174 ]
Training: loss = 0.43855, acc = 0.86000 | Val: loss = 0.27834, acc = 0.94667
Epoch: 6, att_val: [0.76365906 0.23634045]
Training: loss = 0.33180, acc = 0.93167 | Val: loss = 0.26374, acc = 0.94000
Epoch: 7, att_val: [0.7819812 0.2180182]
Training: loss = 0.29436, acc = 0.93000 | Val: loss = 0.22964, acc = 0.94667
Epoch: 8, att_val: [0.72466505 0.27533472]
Training: loss = 0.25424, acc = 0.93333 | Val: loss = 0.18377, acc = 0.96667
Epoch: 9, att_val: [0.65636337 0.34363592]
Training: loss = 0.21800, acc = 0.94667 | Val: loss = 0.15553, acc = 0.96333
Epoch: 10, att_val: [0.60850245 0.39149797]
Training: loss = 0.21211, acc = 0.94500 | Val: loss = 0.13990, acc = 0.96667
Epoch: 11, att_val: [0.6540178 0.3459825]
Training: loss = 0.17632, acc = 0.95833 | Val: loss = 0.13730, acc = 0.96667
Epoch: 12, att_val: [0.68783367 0.3121662 ]
Training: loss = 0.16430, acc = 0.95333 | Val: loss = 0.13856, acc = 0.96333
Epoch: 13, att_val: [0.7406549  0.25934604]
Training: loss = 0.13262, acc = 0.96833 | Val: loss = 0.13699, acc = 0.96667
Epoch: 14, att_val: [0.7505972  0.24940315]
Training: loss = 0.11616, acc = 0.97167 | Val: loss = 0.13560, acc = 0.95667
Epoch: 15, att_val: [0.78254783 0.21745196]
Training: loss = 0.13254, acc = 0.96500 | Val: loss = 0.13787, acc = 0.95333
Epoch: 16, att_val: [0.7926426  0.20735866]
Training: loss = 0.13776, acc = 0.95500 | Val: loss = 0.12876, acc = 0.96000
Epoch: 17, att_val: [0.7283045 0.2716956]
Training: loss = 0.11086, acc = 0.95667 | Val: loss = 0.12135, acc = 0.95667
Epoch: 18, att_val: [0.7061772  0.29382285]
Training: loss = 0.10552, acc = 0.97000 | Val: loss = 0.11566, acc = 0.96667
Epoch: 19, att_val: [0.6465677  0.35343233]
Training: loss = 0.09989, acc = 0.97000 | Val: loss = 0.11845, acc = 0.96667
Epoch: 20, att_val: [0.5915496 0.4084501]
Training: loss = 0.10324, acc = 0.97333 | Val: loss = 0.11541, acc = 0.96667
Epoch: 21, att_val: [0.60968983 0.39030987]
Training: loss = 0.10984, acc = 0.97667 | Val: loss = 0.11229, acc = 0.97000
Epoch: 22, att_val: [0.6128683  0.38713193]
Training: loss = 0.08911, acc = 0.97333 | Val: loss = 0.11280, acc = 0.97000
Epoch: 23, att_val: [0.650946  0.3490543]
Training: loss = 0.06522, acc = 0.98667 | Val: loss = 0.11610, acc = 0.97333
Epoch: 24, att_val: [0.6498673 0.3501321]
Training: loss = 0.07732, acc = 0.97667 | Val: loss = 0.11997, acc = 0.97333
Epoch: 25, att_val: [0.6827797  0.31722045]
Training: loss = 0.07556, acc = 0.97833 | Val: loss = 0.12200, acc = 0.97000
Epoch: 26, att_val: [0.68735844 0.31264144]
Training: loss = 0.07108, acc = 0.98000 | Val: loss = 0.12216, acc = 0.97000
Epoch: 27, att_val: [0.6880655  0.31193435]
Training: loss = 0.09159, acc = 0.97167 | Val: loss = 0.12018, acc = 0.96667
Epoch: 28, att_val: [0.6782993  0.32170096]
Training: loss = 0.06625, acc = 0.98167 | Val: loss = 0.11722, acc = 0.96333
Epoch: 29, att_val: [0.6729193  0.32707995]
Training: loss = 0.06242, acc = 0.98167 | Val: loss = 0.11250, acc = 0.96667
Epoch: 30, att_val: [0.6522289  0.34777167]
Training: loss = 0.06775, acc = 0.98333 | Val: loss = 0.10875, acc = 0.96333
Epoch: 31, att_val: [0.62619007 0.37380964]
Training: loss = 0.06327, acc = 0.98333 | Val: loss = 0.10625, acc = 0.97000
